date: 2013-09-28 15:19:54.543
argv: node /Users/menuz/nvm/v0.10.18/bin/hexo server
os: Darwin 12.4.0 darwin x64
version:
  hexo: 2.2.0
  http_parser: 1.0
  node: 0.10.18
  v8: 3.14.5.9
  ares: 1.9.0-DEV
  uv: 0.10.15
  zlib: 1.2.3
  modules: 11
  openssl: 1.0.1e
---

[error] 15:19:54.538 TypeError: Cannot read property 'handle' of undefined
TypeError: Cannot read property 'handle' of undefined
    at Function.app.use (/Users/menuz/nvm/v0.10.18/lib/node_modules/hexo/node_modules/express/lib/application.js:113:9)
    at module.exports (/Users/menuz/nvm/v0.10.18/lib/node_modules/hexo/lib/plugins/console/server/index.js:121:7)
    at /Users/menuz/nvm/v0.10.18/lib/node_modules/hexo/lib/core.js:118:9
    at b (domain.js:183:18)
    at Domain.run (domain.js:123:23)
    at Hexo.call (/Users/menuz/nvm/v0.10.18/lib/node_modules/hexo/lib/core.js:117:9)
    at /Users/menuz/nvm/v0.10.18/lib/node_modules/hexo/lib/init.js:263:10
    at /Users/menuz/nvm/v0.10.18/lib/node_modules/hexo/node_modules/async/lib/async.js:422:17
    at /Users/menuz/nvm/v0.10.18/lib/node_modules/hexo/node_modules/async/lib/async.js:416:17
    at Array.forEach (native)
